1742811500365:hola
1742811502932:Hola
1742811512591:hello
1742811520560:add XD
1742818675789:list
1742818694238:add soñar
1742818697150:list
1742818952667:ls
1742818957276:itlt
1742818968518:list
1742819130964:add XD
1742819133085:list
1742819142607:add hola papus
1742819144831:list
1742820176983:d
1742820188663:add xd
1742820190879:list
1742820203776:add hola
1742820207144:llist
1742820208625:list
1742820395757:add hola
1742820397332:list
1742820404631:add me gusta chambear
1742820406181:list
1742820821691:add hola
1742820913424:add xd
1742821025607:lsit
1742821026759:list
1742821080288:add xd
1742821377011:list
1742821380218:add xd
1742821486153:list
1742821489130:add hola
1742821490690:list
1742821615796:add trabajo
1742821727838:list
1743097050027:add chambear
1743097052243:list
1743097112822:add test
1743097114740:list
1743097177768:add hola
1743097220911:add xd
1743097223324:list
1743097230830:add HOLA
1743097502639:list
1743097617789:add test
1743097619429:list
1743097624054:add test1
1743097625934:list
1743097878291:1
1743097883229:delete 1
1743097885092:list
1743097888901:delete 2
1743097891117:list
1743097893830:add hola
1743097896118:add hola1
1743097896854:list
1743097900022:delete 1
1743097901288:list
1743097906599:add zz
1743097908159:list
1743097910880:delete 2
1743097912976:delete 3
1743097914328:list
1743097917465:delete
1743097922290:delete 1
1743097924281:list
1743097927050:delete 1
1743098543421:list
1743098548030:add test
1743098550132:test 2
1743098553877:add test 2
1743098555173:list
1743098558861:add fornite
1743098559894:list
1743098575720:add hola
1743098576937:list
1743098581209:fornite
1743098586450:add ya casi
1743098587994:list
1743098601892:add 2020
1743098603012:list
1743099296417:delete 7
1743099302819:delete 6
1743099304587:list
1743099310227:add hola
1743099311692:list
1743099494862:delete 20
1743099730377:list
1743099733504:update 1
1743099739666:list
1743099762653:update
1743099765278:list
1743099785848:update 7
1743099788633:list
1743100112601:update
1743100128955:update 8 actualizado TODO
1743100131186:list
1743100172705:delete 9
1743100175298:delete 8
1743100177321:list
1743100189181:update 6 actualizado TODO
1743100191139:list
1743100199940:delete 7
1743100258558:list
1743100267368:update 5 hola todo
1743100268807:list
1743100286218:update 5 sex TODO
1743100287394:list
1743100297275:add dormir
1743100298323:list
1743100306484:add dormir 2
1743100308077:list
1743100315709:add ola
1743100316718:list
1743100332943:delete 2
1743100334728:delete 3
1743100336648:delete 4
1743100338113:delete 5
1743100339793:delete 0
1743100341448:list
1743100345226:add test
1743100346931:add prueba
1743100350931:add dream
1743100351851:list
1743100590333:update 0
1743100592407:list
1743100600544:update 0 hola TODO
1743100602352:list
1743100605280:add xd
1743100606528:list
1743100609648:add 1
1743100610936:add 2
1743100612593:add 3
1743100613480:list
1743100734154:delete 0
1743100735378:list
1743100737691:add 1
1743100738675:add 2
1743100739651:add 3
1743100740667:list
1743100750246:update 3 hola todo
1743100751293:list
1743100756197:add 3
1743100757766:list
1743116072017:update 3 hola DONE
1743116074097:list
1743116079393:list Done
1743116111799:update 2 Test DONE
1743116112999:list
1743116117023:list Done
1743116184169:list
1743116187969:list Done
1743116454609:list
1743116464250:list-done
1743116470706:delete 3
1743116493969:update 4 holaaa DONE
1743116495294:list
1743116525914:update 2 Test TODO
1743116533436:update 4 XD TODO
1743116534539:list
1743116539052:list-done
1743116543781:list
1743116703756:delete 1
1743116705948:delete 2
1743116709861:delete 4
1743116710957:list
1743116713101:add xd
1743116718358:add XD
1743116719430:list
1743116755589:add hola
1743116756876:list
1743116772327:lt
1743116783825:list
1743116839161:add xd
1743116840992:list
1743116900193:list-done
1743117323271:ADD
1743117327687:help
1743117355403:list
1743117370894:update 1 test done
1743117372397:list
1743117974453:list-done
1743117981247:update xd done
1743117989792:update 1 xd done
1743117990679:list
1743118058370:update 1 tonto done
1743118059945:list
1743118330922:update 1 Test todo
1743118332233:list
1743118346251:add hola
1743118347979:list
1743118356941:delete 1
1743118358381:list
1743118365894:add XD
1743118367030:list
1743118375112:update 2 done
1743118385192:list
1743118394114:update 2 todo
1743118403051:list
1743118410484:add falla
1743118411732:list
1743118823657:update 2 test done
1743118825416:list
1743118835619:add prueba
1743118836515:list
1743118841892:list-done
1743118852404:update 3 done
1743118859622:ipdate 4 done
1743118863917:update 4 done
1743118865182:list
1743118871007:update 4 TODO
1743118872143:list
1743118906636:update 3 done
1743118916743:update 3 hola done
1743118920742:list
1743119095106:list-todo
1743119099808:list-done
1743119110625:list
